<?xml version="1.0" encoding="UTF-8"?>
<testsuites name="Mocha Tests" time="0.05" tests="19" failures="2">
  <testsuite name="Root Suite" timestamp="2017-02-20T10:34:17" tests="0" failures="0" time="0">
  </testsuite>
  <testsuite name="Action" timestamp="2017-02-20T10:34:17" tests="0" file="/Users/xanderbarnes/Documents/diss/test/action.test.js" failures="0" time="0">
  </testsuite>
  <testsuite name="stream" timestamp="2017-02-20T10:34:17" tests="2" file="/Users/xanderbarnes/Documents/diss/test/action.test.js" failures="0" time="0.048">
    <testcase name="Action stream make sure no error" time="0.038" classname="make sure no error">
    </testcase>
    <testcase name="Action stream make sure error" time="0.01" classname="make sure error">
    </testcase>
  </testsuite>
  <testsuite name="loop" timestamp="2017-02-20T10:34:18" tests="2" file="/Users/xanderbarnes/Documents/diss/test/action.test.js" failures="0" time="0.001">
    <testcase name="Action loop test the whole class" time="0.001" classname="test the whole class">
    </testcase>
    <testcase name="Action loop test no face" time="0" classname="test no face">
    </testcase>
  </testsuite>
  <testsuite name="pickBox" timestamp="2017-02-20T10:34:18" tests="4" file="/Users/xanderbarnes/Documents/diss/test/action.test.js" failures="0" time="0.001">
    <testcase name="Action pickBox should return underfined if passed undefined" time="0" classname="should return underfined if passed undefined">
    </testcase>
    <testcase name="Action pickBox should return first box" time="0.001" classname="should return first box">
    </testcase>
    <testcase name="Action pickBox should return second box" time="0" classname="should return second box">
    </testcase>
    <testcase name="Action pickBox should return second box" time="0" classname="should return second box">
    </testcase>
  </testsuite>
  <testsuite name="CircularBuffer" timestamp="2017-02-20T10:34:18" tests="0" file="/Users/xanderbarnes/Documents/diss/test/circularBuffer.test.js" failures="0" time="0">
  </testsuite>
  <testsuite name="push" timestamp="2017-02-20T10:34:18" tests="3" file="/Users/xanderbarnes/Documents/diss/test/circularBuffer.test.js" failures="0" time="0">
    <testcase name="CircularBuffer push should have empty bufer if no push" time="0" classname="should have empty bufer if no push">
    </testcase>
    <testcase name="CircularBuffer push should have a single item in" time="0" classname="should have a single item in">
    </testcase>
    <testcase name="CircularBuffer push should pass correct value" time="0" classname="should pass correct value">
    </testcase>
  </testsuite>
  <testsuite name="getBuffer" timestamp="2017-02-20T10:34:18" tests="4" file="/Users/xanderbarnes/Documents/diss/test/circularBuffer.test.js" failures="1" time="0">
    <testcase name="CircularBuffer getBuffer should have empty bufer if no push" time="0" classname="should have empty bufer if no push">
    </testcase>
    <testcase name="CircularBuffer getBuffer should have a single item in" time="0" classname="should have a single item in">
    </testcase>
    <testcase name="CircularBuffer getBuffer should pass correct value" time="0" classname="should pass correct value">
    </testcase>
    <testcase name="CircularBuffer &quot;before each&quot; hook" time="0" classname="&quot;before each&quot; hook">
      <failure><![CDATA[TypeError: Cannot read property 'clearRect' of null
    at Actions.loop (app/assets/js/actions.js:10:5)]]></failure>
    </testcase>
    <testcase name="CircularBuffer getBuffer should pass correct value" time="0" classname="should pass correct value">
    </testcase>
  </testsuite>
  <testsuite name="isBufferFull" timestamp="2017-02-20T10:34:18" tests="2" file="/Users/xanderbarnes/Documents/diss/test/circularBuffer.test.js" failures="0" time="0">
  </testsuite>
  <testsuite name="HRController" timestamp="2017-02-20T10:34:18" tests="0" file="/Users/xanderbarnes/Documents/diss/test/hrController.test.js" failures="0" time="0">
  </testsuite>
  <testsuite name="getCurrentAverage" timestamp="2017-02-20T10:34:18" tests="2" file="/Users/xanderbarnes/Documents/diss/test/hrController.test.js" failures="1" time="0">
    <testcase name="CircularBuffer &quot;before each&quot; hook for &quot;should return false when buffer not full&quot;" time="0" classname="&quot;before each&quot; hook for &quot;should return false when buffer not full&quot;">
      <failure><![CDATA[TypeError: Cannot read property 'call' of undefined]]></failure>
    </testcase>
  </testsuite>
</testsuites>